<?xml version="1.0" encoding="UTF-8"?>
<testsuite name="com.example.demo.urlServiceTest" tests="4" skipped="0" failures="0" errors="0" timestamp="2025-04-06T17:48:12" hostname="DESKTOP-D6RQIKV" time="0.022">
  <properties/>
  <testcase name="testUrlRepository_withEmptyName_shouldStillReturnValidUrl()" classname="com.example.demo.urlServiceTest" time="0.018"/>
  <testcase name="testUrlRepository_shouldBuildCorrectUrl()" classname="com.example.demo.urlServiceTest" time="0.0"/>
  <testcase name="testUrlBranches_whenNoPlaceholder_shouldReturnUnchanged()" classname="com.example.demo.urlServiceTest" time="0.001"/>
  <testcase name="testUrlBranches_shouldRemoveBranchPlaceholder()" classname="com.example.demo.urlServiceTest" time="0.001"/>
  <system-out><![CDATA[]]></system-out>
  <system-err><![CDATA[]]></system-err>
</testsuite>
